[2025-05-13T15:59:06.213Z]: Server is running !
[2025-05-13T15:59:43.687Z]: Server is running !
[2025-05-13T15:59:47.451Z]: Server is running !
[2025-05-13T16:01:05.454Z]: Server is running !
[2025-05-13T16:02:05.991Z]: Server is running !
[2025-05-13T16:02:07.317Z]: Server is running !
[2025-05-13T16:02:35.772Z]: Server is running !
[2025-05-13T17:08:12.987Z]: Server is running !
[2025-05-13T17:08:21.620Z]: Server is running !
[2025-05-13T17:08:32.440Z]: Server is running !
[2025-05-13T17:08:44.444Z]: Server is running !
[2025-05-13T17:08:57.548Z]: Server is running !
[2025-05-13T17:09:18.471Z]: Server is running !
[2025-05-13T17:14:23.109Z]: Server is running !
[2025-05-13T17:21:38.885Z]: Server is running !
[2025-05-13T17:21:40.563Z]: Server is running !
[2025-05-13T17:22:04.098Z]: Server is running !
[2025-05-13T17:22:32.123Z]: Server is running !
[2025-05-13T17:23:00.301Z]: Server is running !
[2025-05-13T17:23:16.761Z]: Server is running !
[2025-05-13T17:23:20.826Z]: Server is running !
[2025-05-13T17:23:27.075Z]: Server is running !
[2025-05-13T17:23:35.675Z]: Server is running !
[2025-05-13T17:23:58.181Z]: Server is running !
[2025-05-13T17:24:56.622Z]: Server is running !
[2025-05-13T17:26:14.620Z]: Server is running !
[2025-05-13T17:26:16.041Z]: Server is running !
[2025-05-13T17:26:17.540Z]: Server is running !
[2025-05-13T17:26:24.841Z]: Server is running !
[2025-05-13T17:26:29.187Z]: Server is running !
[2025-05-13T17:26:37.650Z]: Server is running !
[2025-05-13T17:26:55.112Z]: Server is running !
[2025-05-13T17:27:06.637Z]: Server is running !
[2025-05-13T17:27:14.801Z]: Server is running !
[2025-05-13T17:27:16.731Z]: Server is running !
[2025-05-13T17:27:50.740Z]: Server is running !
[2025-05-13T17:27:58.465Z]: Server is running !
[2025-05-13T17:28:00.616Z]: Server is running !
[2025-05-13T17:28:11.580Z]: Server is running !
[2025-05-13T17:28:17.896Z]: Server is running !
[2025-05-13T17:29:48.236Z]: Server is running !
[2025-05-13T17:29:53.621Z]: Server is running !
[2025-05-13T17:29:53.621Z]: Server is running !
[2025-05-13T17:29:57.387Z]: Server is running !
[2025-05-13T17:30:04.373Z]: Server is running !
[2025-05-13T17:30:09.738Z]: Server is running !
[2025-05-13T17:30:20.786Z]: Server is running !
[2025-05-13T17:30:25.365Z]: Server is running !
[2025-05-13T17:31:01.198Z]: Server is running !
[2025-05-13T17:31:01.199Z]: Register bot command successfully!
[2025-05-13T17:31:03.981Z]: Server is running !
[2025-05-13T17:31:03.982Z]: Register bot command successfully!
[2025-05-13T17:31:07.741Z]: Server is running !
[2025-05-13T17:31:07.742Z]: Register bot command successfully!
[2025-05-13T17:31:14.241Z]: Server is running !
[2025-05-13T17:31:14.242Z]: Register bot command successfully!
[2025-05-13T17:31:20.667Z]: Server is running !
[2025-05-13T17:31:20.668Z]: Register bot command successfully!
[2025-05-13T17:31:31.489Z]: Server is running !
[2025-05-13T17:31:31.489Z]: Register bot command successfully!
[2025-05-13T17:31:40.515Z]: Server is running !
[2025-05-13T17:31:40.516Z]: Register bot command successfully!
[2025-05-13T17:32:05.485Z]: Server is running !
[2025-05-13T17:32:05.486Z]: Register bot command successfully!
[2025-05-13T17:32:13.412Z]: Server is running !
[2025-05-13T17:32:13.413Z]: Register bot command successfully!
[2025-05-13T17:32:16.841Z]: Server is running !
[2025-05-13T17:32:16.842Z]: Register bot command successfully!
[2025-05-13T17:32:18.706Z]: Server is running !
[2025-05-13T17:32:18.707Z]: Register bot command successfully!
[2025-05-13T17:33:59.335Z]: Server is running !
[2025-05-13T17:33:59.338Z]: Register bot command successfully!
[2025-05-13T17:34:57.714Z]: Server is running !
[2025-05-13T17:34:57.716Z]: Register bot command successfully!
[2025-05-13T17:35:24.696Z]: Server is running !
[2025-05-13T17:35:24.698Z]: Register bot command successfully!
[2025-05-13T17:36:03.415Z]: Server is running !
[2025-05-13T17:36:03.417Z]: Register bot command successfully!
[2025-05-13T17:36:10.623Z]: Server is running !
[2025-05-13T17:36:10.625Z]: Register bot command successfully!
[2025-05-13T17:36:16.340Z]: Server is running !
[2025-05-13T17:36:16.341Z]: Register bot command successfully!
[2025-05-13T17:37:02.468Z]: Server is running !
[2025-05-13T17:37:02.470Z]: Register bot command successfully!
[2025-05-13T17:37:22.503Z]: Server is running !
[2025-05-13T17:37:22.505Z]: Register bot command successfully!
[2025-05-13T17:37:46.914Z]: Server is running !
[2025-05-13T17:37:46.916Z]: Register bot command successfully!
[2025-05-13T17:38:36.470Z]: Server is running !
[2025-05-13T17:38:36.472Z]: Register bot command successfully!
[2025-05-13T17:42:10.388Z]: Server is running !
[2025-05-13T17:42:10.390Z]: Register bot command successfully!
[2025-05-13T17:43:22.337Z]: Server is running !
[2025-05-13T17:43:22.339Z]: Register bot command successfully!
[2025-05-13T17:44:22.970Z]: Server is running !
[2025-05-13T17:44:22.972Z]: Register bot command successfully!
[2025-05-13T17:44:32.048Z]: Server is running !
[2025-05-13T17:44:32.050Z]: Register bot command successfully!
[2025-05-13T17:45:12.365Z]: Server is running !
[2025-05-13T17:45:12.367Z]: Register bot command successfully!
[2025-05-13T17:45:17.171Z]: Server is running !
[2025-05-13T17:45:17.173Z]: Register bot command successfully!
[2025-05-13T17:45:49.516Z]: Server is running !
[2025-05-13T17:45:49.518Z]: Register bot command successfully!
[2025-05-13T17:46:15.875Z]: Server is running !
[2025-05-13T17:46:15.876Z]: Register bot command successfully!
[2025-05-13T17:46:23.715Z]: Server is running !
[2025-05-13T17:46:23.717Z]: Register bot command successfully!
[2025-05-13T17:46:34.525Z]: Server is running !
[2025-05-13T17:46:34.527Z]: Register bot command successfully!
[2025-05-13T17:46:45.851Z]: Server is running !
[2025-05-13T17:46:45.853Z]: Register bot command successfully!
[2025-05-13T17:47:09.986Z]: Server is running !
[2025-05-13T17:47:09.988Z]: Register bot command successfully!
[2025-05-13T17:47:40.363Z]: Server is running !
[2025-05-13T17:47:40.364Z]: Register bot command successfully!
[2025-05-13T17:47:43.978Z]: Server is running !
[2025-05-13T17:47:43.980Z]: Register bot command successfully!
[2025-05-13T17:47:55.274Z]: Server is running !
[2025-05-13T17:47:55.275Z]: Register bot command successfully!
[2025-05-13T17:48:43.092Z]: Server is running !
[2025-05-13T17:48:43.094Z]: Register bot command successfully!
[2025-05-13T17:49:14.954Z]: Server is running !
[2025-05-13T17:49:14.956Z]: Register bot command successfully!
[2025-05-13T17:49:16.787Z]: Server is running !
[2025-05-13T17:49:16.789Z]: Register bot command successfully!
[2025-05-13T17:49:28.201Z]: Server is running !
[2025-05-13T17:49:28.203Z]: Register bot command successfully!
[2025-05-13T17:49:31.900Z]: Server is running !
[2025-05-13T17:49:31.901Z]: Register bot command successfully!
[2025-05-13T17:49:33.196Z]: Server is running !
[2025-05-13T17:49:33.198Z]: Register bot command successfully!
[2025-05-13T17:49:46.280Z]: Server is running !
[2025-05-13T17:49:46.282Z]: Register bot command successfully!
[2025-05-13T17:49:46.282Z]: Register bot command successfully!
[2025-05-13T17:49:54.213Z]: Server is running !
[2025-05-13T17:49:54.215Z]: Register bot command successfully!
[2025-05-13T17:49:54.216Z]: Register Learning Zone command successfully!
[2025-05-13T17:50:03.137Z]: Server is running !
[2025-05-13T17:50:03.139Z]: Register Common command successfully!
[2025-05-13T17:50:03.139Z]: Register Learning Zone command successfully!
[2025-05-13T17:50:38.087Z]: Server is running !
[2025-05-13T17:50:38.089Z]: [CHUNG] Đăng ký lệnh thành công!
[2025-05-13T17:50:38.089Z]: Register Learning Zone command successfully!
[2025-05-13T17:50:42.889Z]: Server is running !
[2025-05-13T17:50:42.890Z]: [ CHUNG ] Đăng ký lệnh thành công!
[2025-05-13T17:50:42.891Z]: Register Learning Zone command successfully!
[2025-05-13T17:50:49.872Z]: Server is running !
[2025-05-13T17:50:49.874Z]: [ CHUNG ] Đăng ký lệnh thành công!
[2025-05-13T17:50:49.874Z]: [ HỌC TẬP ] Đăng ký lệnh thành công!!
[2025-05-13T17:50:57.505Z]: Server is running !
[2025-05-13T17:50:57.506Z]: [ CHUNG ] Đăng ký lệnh thành công!
[2025-05-13T17:50:57.507Z]: [ Học tập ] Đăng ký lệnh thành công!!
[2025-05-13T17:51:05.397Z]: Server is running !
[2025-05-13T17:51:05.399Z]: [ CHUNG ] Đăng ký lệnh thành công!
[2025-05-13T17:51:05.399Z]: [ HỌC TẬP ] - Đăng ký lệnh thành công!!
[2025-05-13T17:51:10.494Z]: Server is running !
[2025-05-13T17:51:10.495Z]: [ CHUNG ] - Đăng ký lệnh thành công!
[2025-05-13T17:51:10.496Z]: [ HỌC TẬP ] - Đăng ký lệnh thành công!!
[2025-05-13T17:51:25.709Z]: Server is running !
[2025-05-13T17:51:25.711Z]: [ CHUNG ] - Đăng ký lệnh thành công!
[2025-05-13T17:51:25.711Z]: [ HỌC TẬP ] - Đăng ký lệnh thành công!!
[2025-05-13T17:51:56.804Z]: Server is running !
[2025-05-13T17:51:56.806Z]: [ CHUNG ] - Đăng ký lệnh thành công!
[2025-05-13T17:51:56.806Z]: [ HỌC TẬP ] - Đăng ký lệnh thành công!!
[2025-05-13T17:52:30.223Z]: Server is running !
[2025-05-13T17:52:30.225Z]: [ CHUNG ] - Đăng ký lệnh thành công!
[2025-05-13T17:52:30.225Z]: [ HỌC TẬP ] - Đăng ký lệnh thành công!!
[2025-05-13T17:52:37.098Z]: Server is running !
[2025-05-13T17:52:37.100Z]: [ CHUNG ] - Đăng ký lệnh thành công!
[2025-05-13T17:52:37.100Z]: [ HỌC TẬP ] - Đăng ký lệnh thành công!!
[2025-05-13T17:52:39.564Z]: Server is running !
[2025-05-13T17:52:39.566Z]: [ CHUNG ] - Đăng ký lệnh thành công!
[2025-05-13T17:52:39.566Z]: [ HỌC TẬP ] - Đăng ký lệnh thành công!!
[2025-05-13T17:52:50.471Z]: Server is running !
[2025-05-13T17:52:50.473Z]: [ CHUNG ] - Đăng ký lệnh thành công!
[2025-05-13T17:52:50.473Z]: [ HỌC TẬP ] - Đăng ký lệnh thành công!!
[2025-05-13T17:53:30.441Z]: Server is running !
[2025-05-13T17:53:30.443Z]: [ CHUNG ] - Đăng ký lệnh thành công!
[2025-05-13T17:53:30.443Z]: [ HỌC TẬP ] - Đăng ký lệnh thành công!!
[2025-05-13T17:53:32.639Z]: Server is running !
[2025-05-13T17:53:32.641Z]: [ CHUNG ] - Đăng ký lệnh thành công!
[2025-05-13T17:53:32.641Z]: [ HỌC TẬP ] - Đăng ký lệnh thành công!!
[2025-05-13T17:53:46.817Z]: Server is running !
[2025-05-13T17:53:46.819Z]: [ CHUNG ] - Đăng ký lệnh thành công!
[2025-05-13T17:53:46.819Z]: [ HỌC TẬP ] - Đăng ký lệnh thành công!!
[2025-05-13T17:54:44.171Z]: Server is running !
[2025-05-13T17:54:44.173Z]: [ CHUNG ] - Đăng ký lệnh thành công!
[2025-05-13T17:54:44.173Z]: [ HỌC TẬP ] - Đăng ký lệnh thành công!!
[2025-05-13T17:55:01.496Z]: Server is running !
[2025-05-13T17:55:01.498Z]: [ CHUNG ] - Đăng ký lệnh thành công!
[2025-05-13T17:55:01.498Z]: [ HỌC TẬP ] - Đăng ký lệnh thành công!!
[2025-05-13T17:56:29.185Z]: Server is running !
[2025-05-13T17:56:29.188Z]: [ CHUNG ] - Đăng ký lệnh thành công!
[2025-05-13T17:56:29.188Z]: [ HỌC TẬP ] - Đăng ký lệnh thành công!!
[2025-05-13T17:57:24.013Z]: Server is running !
[2025-05-13T17:57:24.015Z]: [ CHUNG ] - Đăng ký lệnh thành công!
[2025-05-13T17:57:24.015Z]: [ HỌC TẬP ] - Đăng ký lệnh thành công!!
[2025-05-13T18:00:12.848Z]: Server is running !
[2025-05-13T18:00:12.850Z]: [ CHUNG ] - Đăng ký lệnh thành công!
[2025-05-13T18:00:12.850Z]: [ HỌC TẬP ] - Đăng ký lệnh thành công!!
[2025-05-13T18:00:16.542Z]: Server is running !
[2025-05-13T18:00:16.544Z]: [ CHUNG ] - Đăng ký lệnh thành công!
[2025-05-13T18:00:16.545Z]: [ HỌC TẬP ] - Đăng ký lệnh thành công!!
[2025-05-13T18:00:23.177Z]: Server is running !
[2025-05-13T18:00:23.179Z]: [ CHUNG ] - Đăng ký lệnh thành công!
[2025-05-13T18:00:23.179Z]: [ HỌC TẬP ] - Đăng ký lệnh thành công!!
[2025-05-13T18:00:53.304Z]: Server is running !
[2025-05-13T18:00:53.306Z]: [ CHUNG ] - Đăng ký lệnh thành công!
[2025-05-13T18:00:53.306Z]: [ HỌC TẬP ] - Đăng ký lệnh thành công!!
[2025-05-13T18:00:55.014Z]: Server is running !
[2025-05-13T18:00:55.016Z]: [ CHUNG ] - Đăng ký lệnh thành công!
[2025-05-13T18:00:55.016Z]: [ HỌC TẬP ] - Đăng ký lệnh thành công!!
[2025-05-13T18:01:05.034Z]: Server is running !
[2025-05-13T18:01:05.036Z]: [ CHUNG ] - Đăng ký lệnh thành công!
[2025-05-13T18:01:05.037Z]: [ HỌC TẬP ] - Đăng ký lệnh thành công!!
